#
# There is insufficient memory for the Java Runtime Environment to continue.
# Native memory allocation (malloc) failed to allocate 32744 bytes for ChunkPool::allocate
# Possible reasons:
#   The system is out of physical RAM or swap space
#   In 32 bit mode, the process size limit was hit
# Possible solutions:
#   Reduce memory load on the system
#   Increase physical memory or swap space
#   Check if swap backing store is full
#   Use 64 bit Java on a 64 bit OS
#   Decrease Java heap size (-Xmx/-Xms)
#   Decrease number of Java threads
#   Decrease Java thread stack sizes (-Xss)
#   Set larger code cache with -XX:ReservedCodeCacheSize=
# This output file may be truncated or incomplete.
#
#  Out of Memory Error (allocation.cpp:273), pid=5016, tid=12972
#
# JRE version: Java(TM) SE Runtime Environment (8.0_91-b14) (build 1.8.0_91-b14)
# Java VM: Java HotSpot(TM) 64-Bit Server VM (25.91-b14 mixed mode windows-amd64 compressed oops)
# Failed to write core dump. Minidumps are not enabled by default on client versions of Windows
#

---------------  T H R E A D  ---------------

Current thread (0x000000001492c800):  JavaThread "C2 CompilerThread0" daemon [_thread_in_native, id=12972, stack(0x0000000015f90000,0x0000000016090000)]

Stack: [0x0000000015f90000,0x0000000016090000]
[error occurred during error reporting (printing stack bounds), id 0xc0000005]

Native frames: (J=compiled Java code, j=interpreted, Vv=VM code, C=native code)


Current CompileTask:
C2:  23749  654       4       com.android.dx.rop.cst.CstString::utf8BytesToString (391 bytes)


---------------  P R O C E S S  ---------------

Java Threads: ( => current thread )
  0x0000000016417800 JavaThread "pool-2-thread-4" [_thread_blocked, id=12352, stack(0x0000000016c90000,0x0000000016d90000)]
  0x0000000016417000 JavaThread "pool-2-thread-3" [_thread_in_native, id=5472, stack(0x0000000016b90000,0x0000000016c90000)]
  0x0000000016416000 JavaThread "pool-2-thread-2" [_thread_in_vm, id=11840, stack(0x0000000016a90000,0x0000000016b90000)]
  0x0000000016407000 JavaThread "pool-3-thread-1" [_thread_blocked, id=12628, stack(0x0000000016990000,0x0000000016a90000)]
  0x0000000016406800 JavaThread "pool-2-thread-1" [_thread_blocked, id=6828, stack(0x0000000016890000,0x0000000016990000)]
  0x000000001619d000 JavaThread "Service Thread" daemon [_thread_blocked, id=14304, stack(0x0000000016690000,0x0000000016790000)]
  0x0000000016198800 JavaThread "C1 CompilerThread2" daemon [_thread_in_native, id=8044, stack(0x0000000016590000,0x0000000016690000)]
  0x0000000014930000 JavaThread "C2 CompilerThread1" daemon [_thread_in_vm, id=12752, stack(0x0000000016090000,0x0000000016190000)]
=>0x000000001492c800 JavaThread "C2 CompilerThread0" daemon [_thread_in_native, id=12972, stack(0x0000000015f90000,0x0000000016090000)]
  0x000000001492b000 JavaThread "Attach Listener" daemon [_thread_blocked, id=7280, stack(0x0000000015e90000,0x0000000015f90000)]
  0x0000000014929800 JavaThread "Signal Dispatcher" daemon [_thread_blocked, id=8688, stack(0x0000000015d90000,0x0000000015e90000)]
  0x000000000225a000 JavaThread "Finalizer" daemon [_thread_blocked, id=1896, stack(0x0000000015b90000,0x0000000015c90000)]
  0x000000000224f800 JavaThread "Reference Handler" daemon [_thread_blocked, id=6412, stack(0x0000000015a90000,0x0000000015b90000)]
  0x0000000002160800 JavaThread "main" [_thread_blocked, id=844, stack(0x0000000002060000,0x0000000002160000)]

Other Threads:
  0x00000000148f8000 VMThread [stack: 0x0000000015990000,0x0000000015a90000] [id=13120]
  0x00000000161a9800 WatcherThread [stack: 0x0000000016790000,0x0000000016890000] [id=12240]

VM state:not at safepoint (normal execution)

VM Mutex/Monitor currently owned by a thread:  ([mutex/lock_event])
[0x0000000001fde460] CompileTaskAlloc_lock - owner thread: 0x0000000016416000
[0x0000000001fdde60] MethodCompileQueue_lock - owner thread: 0x0000000016416000

Heap:
 PSYoungGen      total 38400K, used 33280K [0x00000000eab00000, 0x00000000ed580000, 0x0000000100000000)
  eden space 33280K, 100% used [0x00000000eab00000,0x00000000ecb80000,0x00000000ecb80000)
  from space 5120K, 0% used [0x00000000ed080000,0x00000000ed080000,0x00000000ed580000)
  to   space 5120K, 0% used [0x00000000ecb80000,0x00000000ecb80000,0x00000000ed080000)
 ParOldGen       total 87552K, used 0K [0x00000000c0000000, 0x00000000c5580000, 0x00000000eab00000)
  object space 87552K, 0% used [0x00000000c0000000,0x00000000c0000000,0x00000000c5580000)
 Metaspace       used 5745K, capacity 6704K, committed 6784K, reserved 1056768K
  class space    used 595K, capacity 616K, committed 640K, reserved 1048576K

Card table byte_map: [0x0000000011620000,0x0000000011830000] byte_map_base: 0x0000000011020000

Marking Bits: (ParMarkBitMap*) 0x0000000065842f70
 Begin Bits: [0x0000000011d90000, 0x0000000012d90000)
 End Bits:   [0x0000000012d90000, 0x0000000013d90000)

Polling page: 0x00000000001f0000

CodeCache: size=245760Kb used=2360Kb max_used=2377Kb free=243399Kb
 bounds [0x0000000002260000, 0x00000000024d0000, 0x0000000011260000]
 total_blobs=896 nmethods=627 adapters=182
 compilation: enabled

Compilation events (10 events):
Event: 5.733 Thread 0x000000001492c800  649       4       com.android.dx.util.MutabilityControl::<init> (10 bytes)
Event: 5.733 Thread 0x0000000014930000  625       4       com.android.dx.rop.code.BasicBlockList::get (9 bytes)
Event: 5.733 Thread 0x000000001492c800 nmethod 649 0x00000000024662d0 code [0x0000000002466400, 0x0000000002466458]
Event: 5.733 Thread 0x000000001492c800  622       4       java.util.AbstractList::<init> (10 bytes)
Event: 5.734 Thread 0x000000001492c800 nmethod 622 0x000000000247c010 code [0x000000000247c140, 0x000000000247c198]
Event: 5.734 Thread 0x0000000014930000 nmethod 625 0x00000000024ad450 code [0x00000000024ad5a0, 0x00000000024ad678]
Event: 5.735 Thread 0x000000001492c800  654       4       com.android.dx.rop.cst.CstString::utf8BytesToString (391 bytes)
Event: 5.736 Thread 0x0000000014930000  655       4       java.util.ArrayList::remove (69 bytes)
Event: 10.741 Thread 0x0000000014930000 nmethod 655 0x00000000024acf90 code [0x00000000024ad0e0, 0x00000000024ad278]
Event: 10.741 Thread 0x0000000014930000  656       4       com.android.dx.ssa.SsaBasicBlock::forEachInsn (37 bytes)

GC Heap History (0 events):
No events

Deoptimization events (2 events):
Event: 0.319 Thread 0x0000000002160800 Uncommon trap: reason=unstable_if action=reinterpret pc=0x00000000023ac014 method=java.lang.String.compareTo(Ljava/lang/String;)I @ 38
Event: 0.692 Thread 0x0000000002160800 Uncommon trap: reason=unstable_if action=reinterpret pc=0x00000000024687e4 method=java.util.HashMap.getNode(ILjava/lang/Object;)Ljava/util/HashMap$Node; @ 129

Internal exceptions (2 events):
Event: 0.053 Thread 0x0000000002160800 Exception <a 'java/lang/NoSuchMethodError': Method sun.misc.Unsafe.defineClass(Ljava/lang/String;[BII)Ljava/lang/Class; name or signature does not match> (0x00000000eab07cc0) thrown at [C:\re\workspace\8-2-build-windows-amd64-cygwin\jdk8u91\6644\hotspot\srífO”)«?
Event: 0.053 Thread 0x0000000002160800 Exception <a 'java/lang/NoSuchMethodError': Method sun.misc.Unsafe.prefetchRead(Ljava/lang/Object;J)V name or signature does not match> (0x00000000eab07fa8) thrown at [C:\re\workspace\8-2-build-windows-amd64-cygwin\jdk8u91\6644\hotspot\src\share\vm\prims\j

Events (10 events):
Event: 0.732 loading class com/android/dx/cf/attrib/AttLocalVariableTypeTable done
Event: 4.730 Executing VM operation: EnableBiasedLocking
Event: 4.730 Executing VM operation: EnableBiasedLocking done
Event: 5.742 loading class com/android/dx/dex/file/MethodAnnotationStruct
Event: 5.742 loading class com/android/dx/dex/file/MethodAnnotationStruct done
Event: 5.749 Executing VM operation: RevokeBias
Event: 8.739 Executing VM operation: RevokeBias done
Event: 12.746 loading class java/util/DualPivotQuicksort
Event: 12.746 loading class java/util/DualPivotQuicksort done
Event: 19.762 loading class java/util/TreeMap$EntrySet


Dynamic libraries:
0x00007ff6ade70000 - 0x00007ff6adea7000 	C:\Program Files\Java\jdk1.8.0_91\bin\java.exe
0x00007ffad3c90000 - 0x00007ffad3e51000 	C:\WINDOWS\SYSTEM32\ntdll.dll
0x00007ffad18d0000 - 0x00007ffad197d000 	C:\WINDOWS\system32\KERNEL32.DLL
0x00007ffad0ea0000 - 0x00007ffad1088000 	C:\WINDOWS\system32\KERNELBASE.dll
0x00007ffad3590000 - 0x00007ffad3637000 	C:\WINDOWS\system32\ADVAPI32.dll
0x00007ffad11f0000 - 0x00007ffad128d000 	C:\WINDOWS\system32\msvcrt.dll
0x00007ffad16c0000 - 0x00007ffad171b000 	C:\WINDOWS\system32\sechost.dll
0x00007ffad12b0000 - 0x00007ffad13cc000 	C:\WINDOWS\system32\RPCRT4.dll
0x00007ffad37d0000 - 0x00007ffad3926000 	C:\WINDOWS\system32\USER32.dll
0x00007ffad1530000 - 0x00007ffad16b6000 	C:\WINDOWS\system32\GDI32.dll
0x00007ffacd500000 - 0x00007ffacd774000 	C:\WINDOWS\WinSxS\amd64_microsoft.windows.common-controls_6595b64144ccf1df_6.0.10586.0_none_8c15ae12515e1c22\COMCTL32.dll
0x00007ffad3930000 - 0x00007ffad3bad000 	C:\WINDOWS\system32\combase.dll
0x00007ffad0360000 - 0x00007ffad03ca000 	C:\WINDOWS\system32\bcryptPrimitives.dll
0x00007ffad1430000 - 0x00007ffad146b000 	C:\WINDOWS\system32\IMM32.DLL
0x0000000064b00000 - 0x0000000064bd2000 	C:\Program Files\Java\jdk1.8.0_91\jre\bin\msvcr100.dll
0x0000000065030000 - 0x00000000658c3000 	C:\Program Files\Java\jdk1.8.0_91\jre\bin\server\jvm.dll
0x00007ffad3640000 - 0x00007ffad3648000 	C:\WINDOWS\system32\PSAPI.DLL
0x00007fface540000 - 0x00007fface563000 	C:\WINDOWS\SYSTEM32\WINMM.dll
0x00007ffacaa70000 - 0x00007ffacaa79000 	C:\WINDOWS\SYSTEM32\WSOCK32.dll
0x00007ffad3c20000 - 0x00007ffad3c8b000 	C:\WINDOWS\system32\WS2_32.dll
0x00007ffacc5e0000 - 0x00007ffacc5ea000 	C:\WINDOWS\SYSTEM32\VERSION.dll
0x00007fface4e0000 - 0x00007fface50c000 	C:\WINDOWS\SYSTEM32\WINMMBASE.dll
0x00007ffad05a0000 - 0x00007ffad05e3000 	C:\WINDOWS\system32\cfgmgr32.dll
0x0000000065e40000 - 0x0000000065e4f000 	C:\Program Files\Java\jdk1.8.0_91\jre\bin\verify.dll
0x0000000065e10000 - 0x0000000065e39000 	C:\Program Files\Java\jdk1.8.0_91\jre\bin\java.dll
0x0000000065df0000 - 0x0000000065e06000 	C:\Program Files\Java\jdk1.8.0_91\jre\bin\zip.dll
0x00007ffad1c00000 - 0x00007ffad315c000 	C:\WINDOWS\system32\SHELL32.dll
0x00007ffad07a0000 - 0x00007ffad0de5000 	C:\WINDOWS\system32\windows.storage.dll
0x00007ffad1ba0000 - 0x00007ffad1bf2000 	C:\WINDOWS\system32\shlwapi.dll
0x00007ffad0330000 - 0x00007ffad033f000 	C:\WINDOWS\system32\kernel.appcore.dll
0x00007ffad06e0000 - 0x00007ffad0795000 	C:\WINDOWS\system32\shcore.dll
0x00007ffad02e0000 - 0x00007ffad032b000 	C:\WINDOWS\system32\powrprof.dll
0x00007ffad02c0000 - 0x00007ffad02d4000 	C:\WINDOWS\system32\profapi.dll

VM Arguments:
jvm_args: -Djava.awt.headless=true -Xmx1024M -Dfile.encoding=windows-1252 -Duser.country=MX -Duser.language=es -Duser.variant 
java_command: com.android.dx.command.Main --dex --force-jumbo --num-threads=4 --multi-dex --output C:\Users\pp\Documents\AndroidStudioProjects\MiprimerproyectoAndroid\app\build\intermediates\transforms\dex\debug\folders\1000\10\internal_impl-23.3.0_f288b30d2db010bd62884aae0de04b7503f5c21d C:\Users\pp\Documents\AndroidStudioProjects\MiprimerproyectoAndroid\app\build\intermediates\exploded-aar\com.android.support\support-v4\23.3.0\jars\libs\internal_impl-23.3.0.jar
java_class_path (initial): C:\Users\pp\AppData\Local\Android\sdk\build-tools\23.0.3\lib\dx.jar
Launcher Type: SUN_STANDARD

Environment Variables:
JAVA_HOME=C:\Program Files\Java\jdk1.8.0_91\
PATH=C:\ProgramData\Oracle\Java\javapath;C:\Program Files (x86)\Intel\iCLS Client\;C:\Program Files\Intel\iCLS Client\;C:\WINDOWS\system32;C:\WINDOWS;C:\WINDOWS\System32\Wbem;C:\WINDOWS\System32\WindowsPowerShell\v1.0\;C:\Program Files\Intel\Intel(R) Management Engine Components\DAL;C:\Program Files (x86)\Intel\Intel(R) Management Engine Components\DAL;C:\Program Files\Intel\Intel(R) Management Engine Components\IPT;C:\Program Files (x86)\Intel\Intel(R) Management Engine Components\IPT;C:\Program Files\Intel\WiFi\bin\;C:\Program Files\Java\jdk1.8.0_91\bin
USERNAME=Daniel
OS=Windows_NT
PROCESSOR_IDENTIFIER=Intel64 Family 6 Model 61 Stepping 4, GenuineIntel



---------------  S Y S T E M  ---------------

OS: Windows 10.0 , 64 bit Build 10586 (10.0.10586.0)

CPU:total 4 (2 cores per cpu, 2 threads per core) family 6 model 61 stepping 4, cmov, cx8, fxsr, mmx, sse, sse2, sse3, ssse3, sse4.1, sse4.2, popcnt, avx, avx2, aes, clmul, erms, 3dnowpref, lzcnt, ht, tsc, tscinvbit, bmi1, bmi2, adx

Memory: 4k page, physical 8296732k(1312964k free), swap 9694180k(0k free)

vm_info: Java HotSpot(TM) 64-Bit Server VM (25.91-b14) for windows-amd64 JRE (1.8.0_91-b14), built on Apr  1 2016 00:58:32 by "java_re" with MS VC++ 10.0 (VS2010)

time: Sun May 01 13:41:56 2016
elapsed time: 26 seconds (0d 0h 0m 26s)

